<?xml version="1.0" encoding="UTF-8"?>
<!-- Generated by org.testng.reporters.JUnitXMLReporter -->
<testsuite hostname="Kuresh" failures="1" tests="1" name="Dream11App Test" time="168.747" errors="0" timestamp="2 Aug 2023 17:29:13 GMT">
  <testcase classname="com.dream11.pro.TestCase.TeamCreation" name="Dream11TestCase" time="155.113">
    <failure type="org.openqa.selenium.NoSuchElementException" message="An element could not be located on the page using the given search parameters.
For documentation on this error, please visit: https://selenium.dev/exceptions/#no_such_element
Build info: version: &amp;apos;4.9.1&amp;apos;, revision: &amp;apos;eb2032df7f&amp;apos;
System info: os.name: &amp;apos;Windows 11&amp;apos;, os.arch: &amp;apos;amd64&amp;apos;, os.version: &amp;apos;10.0&amp;apos;, java.version: &amp;apos;17.0.7&amp;apos;
Driver info: io.appium.java_client.android.AndroidDriver
Command: [7b3e6f27-2d8b-47cd-b656-8f7d6f6a1bed, findElement {using=xpath, value=//android.widget.ScrollView/android.view.ViewGroup/android.view.ViewGroup[1]}]
Capabilities {appium:app: D:\D1 Space\com.dream11.pro..., appium:appPackage: com.app.dream11Pro, appium:autoGrantPermissions: true, appium:automationName: UiAutomator2, appium:avdLaunchTimeout: 4000000, appium:databaseEnabled: false, appium:desired: {app: D:\D1 Space\com.dream11.pro..., appPackage: com.app.dream11Pro, autoGrantPermissions: true, automationName: UiAutomator2, avdLaunchTimeout: 4000000, deviceName: Xiaomi 11i HyperCharge, platformName: ANDROID, udid: mn99wwrweivcnvlr}, appium:deviceApiLevel: 33, appium:deviceManufacturer: Xiaomi, appium:deviceModel: 21091116UI, appium:deviceName: mn99wwrweivcnvlr, appium:deviceScreenDensity: 440, appium:deviceScreenSize: 1080x2400, appium:deviceUDID: mn99wwrweivcnvlr, appium:javascriptEnabled: true, appium:locationContextEnabled: false, appium:networkConnectionEnabled: true, appium:pixelRatio: 2.75, appium:platformVersion: 13, appium:statBarHeight: 80, appium:takesScreenshot: true, appium:udid: mn99wwrweivcnvlr, appium:viewportRect: {height: 2110, left: 0, top: 80, width: 1080}, appium:warnings: {}, appium:webStorageEnabled: false, platformName: ANDROID}
Session ID: 7b3e6f27-2d8b-47cd-b656-8f7d6f6a1bed">
      <![CDATA[org.openqa.selenium.NoSuchElementException: An element could not be located on the page using the given search parameters.
For documentation on this error, please visit: https://selenium.dev/exceptions/#no_such_element
Build info: version: '4.9.1', revision: 'eb2032df7f'
System info: os.name: 'Windows 11', os.arch: 'amd64', os.version: '10.0', java.version: '17.0.7'
Driver info: io.appium.java_client.android.AndroidDriver
Command: [7b3e6f27-2d8b-47cd-b656-8f7d6f6a1bed, findElement {using=xpath, value=//android.widget.ScrollView/android.view.ViewGroup/android.view.ViewGroup[1]}]
Capabilities {appium:app: D:\D1 Space\com.dream11.pro..., appium:appPackage: com.app.dream11Pro, appium:autoGrantPermissions: true, appium:automationName: UiAutomator2, appium:avdLaunchTimeout: 4000000, appium:databaseEnabled: false, appium:desired: {app: D:\D1 Space\com.dream11.pro..., appPackage: com.app.dream11Pro, autoGrantPermissions: true, automationName: UiAutomator2, avdLaunchTimeout: 4000000, deviceName: Xiaomi 11i HyperCharge, platformName: ANDROID, udid: mn99wwrweivcnvlr}, appium:deviceApiLevel: 33, appium:deviceManufacturer: Xiaomi, appium:deviceModel: 21091116UI, appium:deviceName: mn99wwrweivcnvlr, appium:deviceScreenDensity: 440, appium:deviceScreenSize: 1080x2400, appium:deviceUDID: mn99wwrweivcnvlr, appium:javascriptEnabled: true, appium:locationContextEnabled: false, appium:networkConnectionEnabled: true, appium:pixelRatio: 2.75, appium:platformVersion: 13, appium:statBarHeight: 80, appium:takesScreenshot: true, appium:udid: mn99wwrweivcnvlr, appium:viewportRect: {height: 2110, left: 0, top: 80, width: 1080}, appium:warnings: {}, appium:webStorageEnabled: false, platformName: ANDROID}
Session ID: 7b3e6f27-2d8b-47cd-b656-8f7d6f6a1bed
	at org.openqa.selenium.remote.codec.w3c.W3CHttpResponseCodec.createException(W3CHttpResponseCodec.java:200)
	at org.openqa.selenium.remote.codec.w3c.W3CHttpResponseCodec.decode(W3CHttpResponseCodec.java:133)
	at org.openqa.selenium.remote.codec.w3c.W3CHttpResponseCodec.decode(W3CHttpResponseCodec.java:53)
	at org.openqa.selenium.remote.HttpCommandExecutor.execute(HttpCommandExecutor.java:193)
	at io.appium.java_client.remote.AppiumCommandExecutor.execute(AppiumCommandExecutor.java:262)
	at org.openqa.selenium.remote.RemoteWebDriver.execute(RemoteWebDriver.java:543)
	at org.openqa.selenium.remote.ElementLocation$ElementFinder$2.findElement(ElementLocation.java:162)
	at org.openqa.selenium.remote.ElementLocation.findElement(ElementLocation.java:60)
	at org.openqa.selenium.remote.RemoteWebDriver.findElement(RemoteWebDriver.java:352)
	at org.openqa.selenium.remote.RemoteWebDriver.findElement(RemoteWebDriver.java:344)
	at org.openqa.selenium.support.pagefactory.DefaultElementLocator.findElement(DefaultElementLocator.java:70)
	at org.openqa.selenium.support.pagefactory.internal.LocatingElementHandler.invoke(LocatingElementHandler.java:39)
	at jdk.proxy2/jdk.proxy2.$Proxy17.click(Unknown Source)
	at com.dream11.pro.PageObject.TeamSelection.player1(TeamSelection.java:85)
	at com.dream11.pro.TestCase.TeamCreation.Dream11TestCase(TeamCreation.java:83)
... Removed 29 stack frames]]>
    </failure>
  </testcase> <!-- Dream11TestCase -->
</testsuite> <!-- Dream11App Test -->
