<?xml version="1.0" encoding="UTF-8"?>
<!-- Generated by org.testng.reporters.JUnitXMLReporter -->
<testsuite hostname="Kuresh" failures="1" tests="1" name="Dream11App Test" time="195.255" errors="0" timestamp="3 Aug 2023 05:54:42 GMT">
  <testcase classname="com.dream11.pro.TestCase.TeamCreation" name="Dream11TestCase" time="174.729">
    <failure type="org.openqa.selenium.WebDriverException" message="An unknown server-side error occurred while processing the command. Original error: Could not proxy command to the remote server. Original error: socket hang up
Build info: version: &amp;apos;4.9.1&amp;apos;, revision: &amp;apos;eb2032df7f&amp;apos;
System info: os.name: &amp;apos;Windows 11&amp;apos;, os.arch: &amp;apos;amd64&amp;apos;, os.version: &amp;apos;10.0&amp;apos;, java.version: &amp;apos;17.0.7&amp;apos;
Driver info: io.appium.java_client.android.AndroidDriver
Command: [41080252-a12f-49f3-9dce-a7f4ea85b072, findElement {using=xpath, value=(//*[@text=&amp;apos;C&amp;apos;])[1]}]
Capabilities {appium:app: D:\D1 Space\com.dream11.pro..., appium:appPackage: com.app.dream11Pro, appium:autoGrantPermissions: true, appium:automationName: UiAutomator2, appium:avdLaunchTimeout: 4000000, appium:databaseEnabled: false, appium:desired: {app: D:\D1 Space\com.dream11.pro..., appPackage: com.app.dream11Pro, autoGrantPermissions: true, automationName: UiAutomator2, avdLaunchTimeout: 4000000, deviceName: Xiaomi 11i HyperCharge, platformName: ANDROID, udid: mn99wwrweivcnvlr}, appium:deviceApiLevel: 33, appium:deviceManufacturer: Xiaomi, appium:deviceModel: 21091116UI, appium:deviceName: mn99wwrweivcnvlr, appium:deviceScreenDensity: 440, appium:deviceScreenSize: 1080x2400, appium:deviceUDID: mn99wwrweivcnvlr, appium:javascriptEnabled: true, appium:locationContextEnabled: false, appium:networkConnectionEnabled: true, appium:pixelRatio: 2.75, appium:platformVersion: 13, appium:statBarHeight: 80, appium:takesScreenshot: true, appium:udid: mn99wwrweivcnvlr, appium:viewportRect: {height: 2110, left: 0, top: 80, width: 1080}, appium:warnings: {}, appium:webStorageEnabled: false, platformName: ANDROID}
Session ID: 41080252-a12f-49f3-9dce-a7f4ea85b072">
      <![CDATA[org.openqa.selenium.WebDriverException: An unknown server-side error occurred while processing the command. Original error: Could not proxy command to the remote server. Original error: socket hang up
Build info: version: '4.9.1', revision: 'eb2032df7f'
System info: os.name: 'Windows 11', os.arch: 'amd64', os.version: '10.0', java.version: '17.0.7'
Driver info: io.appium.java_client.android.AndroidDriver
Command: [41080252-a12f-49f3-9dce-a7f4ea85b072, findElement {using=xpath, value=(//*[@text='C'])[1]}]
Capabilities {appium:app: D:\D1 Space\com.dream11.pro..., appium:appPackage: com.app.dream11Pro, appium:autoGrantPermissions: true, appium:automationName: UiAutomator2, appium:avdLaunchTimeout: 4000000, appium:databaseEnabled: false, appium:desired: {app: D:\D1 Space\com.dream11.pro..., appPackage: com.app.dream11Pro, autoGrantPermissions: true, automationName: UiAutomator2, avdLaunchTimeout: 4000000, deviceName: Xiaomi 11i HyperCharge, platformName: ANDROID, udid: mn99wwrweivcnvlr}, appium:deviceApiLevel: 33, appium:deviceManufacturer: Xiaomi, appium:deviceModel: 21091116UI, appium:deviceName: mn99wwrweivcnvlr, appium:deviceScreenDensity: 440, appium:deviceScreenSize: 1080x2400, appium:deviceUDID: mn99wwrweivcnvlr, appium:javascriptEnabled: true, appium:locationContextEnabled: false, appium:networkConnectionEnabled: true, appium:pixelRatio: 2.75, appium:platformVersion: 13, appium:statBarHeight: 80, appium:takesScreenshot: true, appium:udid: mn99wwrweivcnvlr, appium:viewportRect: {height: 2110, left: 0, top: 80, width: 1080}, appium:warnings: {}, appium:webStorageEnabled: false, platformName: ANDROID}
Session ID: 41080252-a12f-49f3-9dce-a7f4ea85b072
	at org.openqa.selenium.remote.codec.w3c.W3CHttpResponseCodec.createException(W3CHttpResponseCodec.java:200)
	at org.openqa.selenium.remote.codec.w3c.W3CHttpResponseCodec.decode(W3CHttpResponseCodec.java:133)
	at org.openqa.selenium.remote.codec.w3c.W3CHttpResponseCodec.decode(W3CHttpResponseCodec.java:53)
	at org.openqa.selenium.remote.HttpCommandExecutor.execute(HttpCommandExecutor.java:193)
	at io.appium.java_client.remote.AppiumCommandExecutor.execute(AppiumCommandExecutor.java:262)
	at org.openqa.selenium.remote.RemoteWebDriver.execute(RemoteWebDriver.java:543)
	at org.openqa.selenium.remote.ElementLocation$ElementFinder$2.findElement(ElementLocation.java:162)
	at org.openqa.selenium.remote.ElementLocation.findElement(ElementLocation.java:60)
	at org.openqa.selenium.remote.RemoteWebDriver.findElement(RemoteWebDriver.java:352)
	at org.openqa.selenium.remote.RemoteWebDriver.findElement(RemoteWebDriver.java:344)
	at org.openqa.selenium.support.pagefactory.DefaultElementLocator.findElement(DefaultElementLocator.java:70)
	at org.openqa.selenium.support.pagefactory.internal.LocatingElementHandler.invoke(LocatingElementHandler.java:39)
	at jdk.proxy2/jdk.proxy2.$Proxy17.click(Unknown Source)
	at com.dream11.pro.PageObject.ChooseCaptainAndViceCaptain.clickCaptain(ChooseCaptainAndViceCaptain.java:35)
	at com.dream11.pro.TestCase.TeamCreation.Dream11TestCase(TeamCreation.java:117)
... Removed 29 stack frames]]>
    </failure>
  </testcase> <!-- Dream11TestCase -->
</testsuite> <!-- Dream11App Test -->
