<?xml version="1.0" encoding="UTF-8"?>
<testng-results total="1" passed="1" failed="0" skipped="0">
  <reporter-output>
  </reporter-output>
  <suite started-at="2023-08-01T12:12:36Z" name="Dream11" finished-at="2023-08-01T12:13:27Z" duration-ms="50969">
    <groups>
    </groups>
    <test started-at="2023-08-01T12:12:36Z" name="Dream11App Test" finished-at="2023-08-01T12:13:27Z" duration-ms="50969">
      <class name="com.dream11.pro.TestCase.TeamCreation">
        <test-method is-config="true" signature="mytest()[pri:0, instance:com.dream11.pro.TestCase.TeamCreation@306f16f3]" started-at="2023-08-01T17:42:36Z" name="mytest" finished-at="2023-08-01T17:42:49Z" duration-ms="12963" status="PASS">
          <reporter-output>
          </reporter-output>
        </test-method> <!-- mytest -->
        <test-method signature="Dream11TestCase()[pri:0, instance:com.dream11.pro.TestCase.TeamCreation@306f16f3]" started-at="2023-08-01T17:42:49Z" name="Dream11TestCase" finished-at="2023-08-01T17:43:08Z" duration-ms="18729" status="PASS">
          <reporter-output>
          </reporter-output>
        </test-method> <!-- Dream11TestCase -->
        <test-method is-config="true" signature="mytestend()[pri:0, instance:com.dream11.pro.TestCase.TeamCreation@306f16f3]" started-at="2023-08-01T17:43:08Z" name="mytestend" finished-at="2023-08-01T17:43:08Z" duration-ms="0" status="FAIL">
          <exception class="org.openqa.selenium.NoSuchElementException">
            <message>
              <![CDATA[An element could not be located on the page using the given search parameters.
For documentation on this error, please visit: https://selenium.dev/exceptions/#no_such_element
Build info: version: '4.9.1', revision: 'eb2032df7f'
System info: os.name: 'Windows 11', os.arch: 'amd64', os.version: '10.0', java.version: '17.0.7'
Driver info: io.appium.java_client.android.AndroidDriver
Command: [b7f0067c-55fb-46bb-b933-e8f35979728a, findElement {using=xpath, value=//*[@text='ENTRY']}]
Capabilities {appium:app: D:\D1 Space\com.dream11.pro..., appium:appPackage: com.app.dream11Pro, appium:autoGrantPermissions: true, appium:automationName: UiAutomator2, appium:avdLaunchTimeout: 180000, appium:databaseEnabled: false, appium:desired: {app: D:\D1 Space\com.dream11.pro..., appPackage: com.app.dream11Pro, autoGrantPermissions: true, automationName: UiAutomator2, avdLaunchTimeout: 180000, deviceName: Xiaomi 11i HyperCharge, platformName: ANDROID, udid: mn99wwrweivcnvlr}, appium:deviceApiLevel: 33, appium:deviceManufacturer: Xiaomi, appium:deviceModel: 21091116UI, appium:deviceName: mn99wwrweivcnvlr, appium:deviceScreenDensity: 440, appium:deviceScreenSize: 1080x2400, appium:deviceUDID: mn99wwrweivcnvlr, appium:javascriptEnabled: true, appium:locationContextEnabled: false, appium:networkConnectionEnabled: true, appium:pixelRatio: 2.75, appium:platformVersion: 13, appium:statBarHeight: 80, appium:takesScreenshot: true, appium:udid: mn99wwrweivcnvlr, appium:viewportRect: {height: 2110, left: 0, top: 80, width: 1080}, appium:warnings: {}, appium:webStorageEnabled: false, platformName: ANDROID}
Session ID: b7f0067c-55fb-46bb-b933-e8f35979728a]]>
            </message>
            <full-stacktrace>
              <![CDATA[org.openqa.selenium.NoSuchElementException: An element could not be located on the page using the given search parameters.
For documentation on this error, please visit: https://selenium.dev/exceptions/#no_such_element
Build info: version: '4.9.1', revision: 'eb2032df7f'
System info: os.name: 'Windows 11', os.arch: 'amd64', os.version: '10.0', java.version: '17.0.7'
Driver info: io.appium.java_client.android.AndroidDriver
Command: [b7f0067c-55fb-46bb-b933-e8f35979728a, findElement {using=xpath, value=//*[@text='ENTRY']}]
Capabilities {appium:app: D:\D1 Space\com.dream11.pro..., appium:appPackage: com.app.dream11Pro, appium:autoGrantPermissions: true, appium:automationName: UiAutomator2, appium:avdLaunchTimeout: 180000, appium:databaseEnabled: false, appium:desired: {app: D:\D1 Space\com.dream11.pro..., appPackage: com.app.dream11Pro, autoGrantPermissions: true, automationName: UiAutomator2, avdLaunchTimeout: 180000, deviceName: Xiaomi 11i HyperCharge, platformName: ANDROID, udid: mn99wwrweivcnvlr}, appium:deviceApiLevel: 33, appium:deviceManufacturer: Xiaomi, appium:deviceModel: 21091116UI, appium:deviceName: mn99wwrweivcnvlr, appium:deviceScreenDensity: 440, appium:deviceScreenSize: 1080x2400, appium:deviceUDID: mn99wwrweivcnvlr, appium:javascriptEnabled: true, appium:locationContextEnabled: false, appium:networkConnectionEnabled: true, appium:pixelRatio: 2.75, appium:platformVersion: 13, appium:statBarHeight: 80, appium:takesScreenshot: true, appium:udid: mn99wwrweivcnvlr, appium:viewportRect: {height: 2110, left: 0, top: 80, width: 1080}, appium:warnings: {}, appium:webStorageEnabled: false, platformName: ANDROID}
Session ID: b7f0067c-55fb-46bb-b933-e8f35979728a
	at java.base/jdk.internal.reflect.NativeConstructorAccessorImpl.newInstance0(Native Method)
	at java.base/jdk.internal.reflect.NativeConstructorAccessorImpl.newInstance(NativeConstructorAccessorImpl.java:77)
	at java.base/jdk.internal.reflect.DelegatingConstructorAccessorImpl.newInstance(DelegatingConstructorAccessorImpl.java:45)
	at java.base/java.lang.reflect.Constructor.newInstanceWithCaller(Constructor.java:499)
	at java.base/java.lang.reflect.Constructor.newInstance(Constructor.java:480)
	at org.openqa.selenium.remote.codec.w3c.W3CHttpResponseCodec.createException(W3CHttpResponseCodec.java:200)
	at org.openqa.selenium.remote.codec.w3c.W3CHttpResponseCodec.decode(W3CHttpResponseCodec.java:133)
	at org.openqa.selenium.remote.codec.w3c.W3CHttpResponseCodec.decode(W3CHttpResponseCodec.java:53)
	at org.openqa.selenium.remote.HttpCommandExecutor.execute(HttpCommandExecutor.java:193)
	at io.appium.java_client.remote.AppiumCommandExecutor.execute(AppiumCommandExecutor.java:262)
	at org.openqa.selenium.remote.RemoteWebDriver.execute(RemoteWebDriver.java:543)
	at org.openqa.selenium.remote.ElementLocation$ElementFinder$2.findElement(ElementLocation.java:162)
	at org.openqa.selenium.remote.ElementLocation.findElement(ElementLocation.java:60)
	at org.openqa.selenium.remote.RemoteWebDriver.findElement(RemoteWebDriver.java:352)
	at org.openqa.selenium.remote.RemoteWebDriver.findElement(RemoteWebDriver.java:344)
	at com.dream11.pro.TestCase.BaseClass.mytestend(BaseClass.java:61)
	at java.base/jdk.internal.reflect.NativeMethodAccessorImpl.invoke0(Native Method)
	at java.base/jdk.internal.reflect.NativeMethodAccessorImpl.invoke(NativeMethodAccessorImpl.java:77)
	at java.base/jdk.internal.reflect.DelegatingMethodAccessorImpl.invoke(DelegatingMethodAccessorImpl.java:43)
	at java.base/java.lang.reflect.Method.invoke(Method.java:568)
	at org.testng.internal.MethodInvocationHelper.invokeMethod(MethodInvocationHelper.java:86)
	at org.testng.internal.Invoker.invokeConfigurationMethod(Invoker.java:514)
	at org.testng.internal.Invoker.invokeConfigurations(Invoker.java:215)
	at org.testng.internal.Invoker.invokeConfigurations(Invoker.java:142)
	at org.testng.internal.TestMethodWorker.invokeAfterClassMethods(TestMethodWorker.java:232)
	at org.testng.internal.TestMethodWorker.run(TestMethodWorker.java:115)
	at org.testng.TestRunner.privateRun(TestRunner.java:782)
	at org.testng.TestRunner.run(TestRunner.java:632)
	at org.testng.SuiteRunner.runTest(SuiteRunner.java:366)
	at org.testng.SuiteRunner.runSequentially(SuiteRunner.java:361)
	at org.testng.SuiteRunner.privateRun(SuiteRunner.java:319)
	at org.testng.SuiteRunner.run(SuiteRunner.java:268)
	at org.testng.SuiteRunnerWorker.runSuite(SuiteRunnerWorker.java:52)
	at org.testng.SuiteRunnerWorker.run(SuiteRunnerWorker.java:86)
	at org.testng.TestNG.runSuitesSequentially(TestNG.java:1244)
	at org.testng.TestNG.runSuitesLocally(TestNG.java:1169)
	at org.testng.TestNG.run(TestNG.java:1064)
	at org.testng.remote.AbstractRemoteTestNG.run(AbstractRemoteTestNG.java:115)
	at org.testng.remote.RemoteTestNG.initAndRun(RemoteTestNG.java:251)
	at org.testng.remote.RemoteTestNG.main(RemoteTestNG.java:77)
]]>
            </full-stacktrace>
          </exception> <!-- org.openqa.selenium.NoSuchElementException -->
          <reporter-output>
          </reporter-output>
        </test-method> <!-- mytestend -->
      </class> <!-- com.dream11.pro.TestCase.TeamCreation -->
    </test> <!-- Dream11App Test -->
  </suite> <!-- Dream11 -->
</testng-results>
