<?xml version="1.0" encoding="UTF-8"?>
<testng-results total="1" passed="0" failed="1" skipped="0">
  <reporter-output>
  </reporter-output>
  <suite started-at="2023-08-03T05:51:27Z" name="Dream11" finished-at="2023-08-03T05:54:42Z" duration-ms="195255">
    <groups>
    </groups>
    <test started-at="2023-08-03T05:51:27Z" name="Dream11App Test" finished-at="2023-08-03T05:54:42Z" duration-ms="195255">
      <class name="com.dream11.pro.TestCase.TeamCreation">
        <test-method is-config="true" signature="Mytest()[pri:0, instance:com.dream11.pro.TestCase.TeamCreation@49912c99]" started-at="2023-08-03T11:21:27Z" name="Mytest" finished-at="2023-08-03T11:21:43Z" duration-ms="15724" status="PASS">
          <reporter-output>
          </reporter-output>
        </test-method> <!-- Mytest -->
        <test-method signature="Dream11TestCase()[pri:0, instance:com.dream11.pro.TestCase.TeamCreation@49912c99]" started-at="2023-08-03T11:21:43Z" name="Dream11TestCase" finished-at="2023-08-03T11:24:37Z" duration-ms="174729" status="FAIL">
          <exception class="org.openqa.selenium.WebDriverException">
            <message>
              <![CDATA[An unknown server-side error occurred while processing the command. Original error: Could not proxy command to the remote server. Original error: socket hang up
Build info: version: '4.9.1', revision: 'eb2032df7f'
System info: os.name: 'Windows 11', os.arch: 'amd64', os.version: '10.0', java.version: '17.0.7'
Driver info: io.appium.java_client.android.AndroidDriver
Command: [41080252-a12f-49f3-9dce-a7f4ea85b072, findElement {using=xpath, value=(//*[@text='C'])[1]}]
Capabilities {appium:app: D:\D1 Space\com.dream11.pro..., appium:appPackage: com.app.dream11Pro, appium:autoGrantPermissions: true, appium:automationName: UiAutomator2, appium:avdLaunchTimeout: 4000000, appium:databaseEnabled: false, appium:desired: {app: D:\D1 Space\com.dream11.pro..., appPackage: com.app.dream11Pro, autoGrantPermissions: true, automationName: UiAutomator2, avdLaunchTimeout: 4000000, deviceName: Xiaomi 11i HyperCharge, platformName: ANDROID, udid: mn99wwrweivcnvlr}, appium:deviceApiLevel: 33, appium:deviceManufacturer: Xiaomi, appium:deviceModel: 21091116UI, appium:deviceName: mn99wwrweivcnvlr, appium:deviceScreenDensity: 440, appium:deviceScreenSize: 1080x2400, appium:deviceUDID: mn99wwrweivcnvlr, appium:javascriptEnabled: true, appium:locationContextEnabled: false, appium:networkConnectionEnabled: true, appium:pixelRatio: 2.75, appium:platformVersion: 13, appium:statBarHeight: 80, appium:takesScreenshot: true, appium:udid: mn99wwrweivcnvlr, appium:viewportRect: {height: 2110, left: 0, top: 80, width: 1080}, appium:warnings: {}, appium:webStorageEnabled: false, platformName: ANDROID}
Session ID: 41080252-a12f-49f3-9dce-a7f4ea85b072]]>
            </message>
            <full-stacktrace>
              <![CDATA[org.openqa.selenium.WebDriverException: An unknown server-side error occurred while processing the command. Original error: Could not proxy command to the remote server. Original error: socket hang up
Build info: version: '4.9.1', revision: 'eb2032df7f'
System info: os.name: 'Windows 11', os.arch: 'amd64', os.version: '10.0', java.version: '17.0.7'
Driver info: io.appium.java_client.android.AndroidDriver
Command: [41080252-a12f-49f3-9dce-a7f4ea85b072, findElement {using=xpath, value=(//*[@text='C'])[1]}]
Capabilities {appium:app: D:\D1 Space\com.dream11.pro..., appium:appPackage: com.app.dream11Pro, appium:autoGrantPermissions: true, appium:automationName: UiAutomator2, appium:avdLaunchTimeout: 4000000, appium:databaseEnabled: false, appium:desired: {app: D:\D1 Space\com.dream11.pro..., appPackage: com.app.dream11Pro, autoGrantPermissions: true, automationName: UiAutomator2, avdLaunchTimeout: 4000000, deviceName: Xiaomi 11i HyperCharge, platformName: ANDROID, udid: mn99wwrweivcnvlr}, appium:deviceApiLevel: 33, appium:deviceManufacturer: Xiaomi, appium:deviceModel: 21091116UI, appium:deviceName: mn99wwrweivcnvlr, appium:deviceScreenDensity: 440, appium:deviceScreenSize: 1080x2400, appium:deviceUDID: mn99wwrweivcnvlr, appium:javascriptEnabled: true, appium:locationContextEnabled: false, appium:networkConnectionEnabled: true, appium:pixelRatio: 2.75, appium:platformVersion: 13, appium:statBarHeight: 80, appium:takesScreenshot: true, appium:udid: mn99wwrweivcnvlr, appium:viewportRect: {height: 2110, left: 0, top: 80, width: 1080}, appium:warnings: {}, appium:webStorageEnabled: false, platformName: ANDROID}
Session ID: 41080252-a12f-49f3-9dce-a7f4ea85b072
	at java.base/jdk.internal.reflect.NativeConstructorAccessorImpl.newInstance0(Native Method)
	at java.base/jdk.internal.reflect.NativeConstructorAccessorImpl.newInstance(NativeConstructorAccessorImpl.java:77)
	at java.base/jdk.internal.reflect.DelegatingConstructorAccessorImpl.newInstance(DelegatingConstructorAccessorImpl.java:45)
	at java.base/java.lang.reflect.Constructor.newInstanceWithCaller(Constructor.java:499)
	at java.base/java.lang.reflect.Constructor.newInstance(Constructor.java:480)
	at org.openqa.selenium.remote.codec.w3c.W3CHttpResponseCodec.createException(W3CHttpResponseCodec.java:200)
	at org.openqa.selenium.remote.codec.w3c.W3CHttpResponseCodec.decode(W3CHttpResponseCodec.java:133)
	at org.openqa.selenium.remote.codec.w3c.W3CHttpResponseCodec.decode(W3CHttpResponseCodec.java:53)
	at org.openqa.selenium.remote.HttpCommandExecutor.execute(HttpCommandExecutor.java:193)
	at io.appium.java_client.remote.AppiumCommandExecutor.execute(AppiumCommandExecutor.java:262)
	at org.openqa.selenium.remote.RemoteWebDriver.execute(RemoteWebDriver.java:543)
	at org.openqa.selenium.remote.ElementLocation$ElementFinder$2.findElement(ElementLocation.java:162)
	at org.openqa.selenium.remote.ElementLocation.findElement(ElementLocation.java:60)
	at org.openqa.selenium.remote.RemoteWebDriver.findElement(RemoteWebDriver.java:352)
	at org.openqa.selenium.remote.RemoteWebDriver.findElement(RemoteWebDriver.java:344)
	at org.openqa.selenium.support.pagefactory.DefaultElementLocator.findElement(DefaultElementLocator.java:70)
	at org.openqa.selenium.support.pagefactory.internal.LocatingElementHandler.invoke(LocatingElementHandler.java:39)
	at jdk.proxy2/jdk.proxy2.$Proxy17.click(Unknown Source)
	at com.dream11.pro.PageObject.ChooseCaptainAndViceCaptain.clickCaptain(ChooseCaptainAndViceCaptain.java:35)
	at com.dream11.pro.TestCase.TeamCreation.Dream11TestCase(TeamCreation.java:117)
	at java.base/jdk.internal.reflect.NativeMethodAccessorImpl.invoke0(Native Method)
	at java.base/jdk.internal.reflect.NativeMethodAccessorImpl.invoke(NativeMethodAccessorImpl.java:77)
	at java.base/jdk.internal.reflect.DelegatingMethodAccessorImpl.invoke(DelegatingMethodAccessorImpl.java:43)
	at java.base/java.lang.reflect.Method.invoke(Method.java:568)
	at org.testng.internal.MethodInvocationHelper.invokeMethod(MethodInvocationHelper.java:86)
	at org.testng.internal.Invoker.invokeMethod(Invoker.java:643)
	at org.testng.internal.Invoker.invokeTestMethod(Invoker.java:820)
	at org.testng.internal.Invoker.invokeTestMethods(Invoker.java:1128)
	at org.testng.internal.TestMethodWorker.invokeTestMethods(TestMethodWorker.java:129)
	at org.testng.internal.TestMethodWorker.run(TestMethodWorker.java:112)
	at org.testng.TestRunner.privateRun(TestRunner.java:782)
	at org.testng.TestRunner.run(TestRunner.java:632)
	at org.testng.SuiteRunner.runTest(SuiteRunner.java:366)
	at org.testng.SuiteRunner.runSequentially(SuiteRunner.java:361)
	at org.testng.SuiteRunner.privateRun(SuiteRunner.java:319)
	at org.testng.SuiteRunner.run(SuiteRunner.java:268)
	at org.testng.SuiteRunnerWorker.runSuite(SuiteRunnerWorker.java:52)
	at org.testng.SuiteRunnerWorker.run(SuiteRunnerWorker.java:86)
	at org.testng.TestNG.runSuitesSequentially(TestNG.java:1244)
	at org.testng.TestNG.runSuitesLocally(TestNG.java:1169)
	at org.testng.TestNG.run(TestNG.java:1064)
	at org.testng.remote.AbstractRemoteTestNG.run(AbstractRemoteTestNG.java:115)
	at org.testng.remote.RemoteTestNG.initAndRun(RemoteTestNG.java:251)
	at org.testng.remote.RemoteTestNG.main(RemoteTestNG.java:77)
]]>
            </full-stacktrace>
          </exception> <!-- org.openqa.selenium.WebDriverException -->
          <reporter-output>
          </reporter-output>
        </test-method> <!-- Dream11TestCase -->
        <test-method is-config="true" signature="mytestend()[pri:0, instance:com.dream11.pro.TestCase.TeamCreation@49912c99]" started-at="2023-08-03T11:24:37Z" name="mytestend" finished-at="2023-08-03T11:24:42Z" duration-ms="4766" status="PASS">
          <reporter-output>
          </reporter-output>
        </test-method> <!-- mytestend -->
      </class> <!-- com.dream11.pro.TestCase.TeamCreation -->
    </test> <!-- Dream11App Test -->
  </suite> <!-- Dream11 -->
</testng-results>
